<?xml version="1.0" encoding="UTF-8"?>
<!-- Generated by org.testng.reporters.JUnitReportReporter -->
<testsuite skipped="0" hostname="kutty-note" name="testgroupings.FBgroup_Test" tests="3" failures="0" timestamp="07 Nov 2017 11:47:13 GMT" time="48.290" errors="0">
  <testcase name="fbopen" time="20.447" classname="testgroupings.FBgroup_Test"/>
  <testcase name="create" time="11.792" classname="testgroupings.FBgroup_Test"/>
  <testcase name="messenger" time="16.051" classname="testgroupings.FBgroup_Test"/>
</testsuite> <!-- testgroupings.FBgroup_Test -->
