<?xml version="1.0" encoding="UTF-8"?>
<!-- Generated by org.testng.reporters.JUnitReportReporter -->
<testsuite skipped="0" hostname="kutty-note" name="HRMS.MAVEN.Sample" tests="1" failures="0" timestamp="07 Nov 2017 12:05:07 GMT" time="47.806" errors="0">
  <testcase name="login" time="47.806" classname="HRMS.MAVEN.Sample"/>
</testsuite> <!-- HRMS.MAVEN.Sample -->
