<?xml version="1.0" encoding="UTF-8"?>
<!-- Generated by org.testng.reporters.JUnitReportReporter -->
<testsuite skipped="0" hostname="kutty-note" name="testgroupings.Grouping_Test" tests="3" failures="0" timestamp="07 Nov 2017 11:56:01 GMT" time="0.014" errors="0">
  <testcase name="A" time="0.002" classname="testgroupings.Grouping_Test"/>
  <testcase name="C" time="0.009" classname="testgroupings.Grouping_Test"/>
  <testcase name="B" time="0.003" classname="testgroupings.Grouping_Test"/>
</testsuite> <!-- testgroupings.Grouping_Test -->
