<?xml version="1.0" encoding="UTF-8"?>
<!-- Generated by org.testng.reporters.JUnitReportReporter -->
<testsuite skipped="0" hostname="kutty-note" name="Actions.Action_Test" tests="1" failures="0" timestamp="07 Nov 2017 11:56:01 GMT" time="29.812" errors="0">
  <testcase name="actions" time="29.812" classname="Actions.Action_Test"/>
</testsuite> <!-- Actions.Action_Test -->
