<?xml version="1.0" encoding="UTF-8"?>
<!-- Generated by org.testng.reporters.JUnitReportReporter -->
<testsuite skipped="0" hostname="kutty-note" name="informationcommands.information_Test" tests="1" failures="0" timestamp="07 Nov 2017 11:56:01 GMT" time="2.274" errors="0">
  <testcase name="fbinfo" time="2.274" classname="informationcommands.information_Test"/>
</testsuite> <!-- informationcommands.information_Test -->
