<?xml version="1.0" encoding="UTF-8"?>
<!-- Generated by org.testng.reporters.JUnitReportReporter -->
<testsuite skipped="0" hostname="kutty-note" name="headless.htmlunitdriver_Test" tests="1" failures="0" timestamp="09 Nov 2017 10:40:25 GMT" time="0.193" errors="0">
  <testcase name="f" time="0.193" classname="headless.htmlunitdriver_Test"/>
</testsuite> <!-- headless.htmlunitdriver_Test -->
