<?xml version="1.0" encoding="UTF-8"?>
<!-- Generated by org.testng.reporters.JUnitReportReporter -->
<testsuite skipped="0" hostname="kutty-note" name="informationcommands.Validation_Test" tests="1" failures="0" timestamp="07 Nov 2017 11:56:01 GMT" time="0.596" errors="0">
  <testcase name="validate" time="0.596" classname="informationcommands.Validation_Test"/>
</testsuite> <!-- informationcommands.Validation_Test -->
